生成启动时间为 2021/7/20 19:39:33。
     1>项目“D:\code\string_implementation\string_implementation\string_implementation.vcxproj”在节点 2 上(Rebuild 个目标)。
     1>ClCompile:
         C:\Program Files (x86)\Microsoft Visual Studio 12.0\VC\bin\CL.exe /c /ZI /nologo /W3 /WX- /Od /Oy- /D WIN32 /D _DEBUG /D _CONSOLE /D _LIB /D _UNICODE /D UNICODE /Gm /EHsc /RTC1 /MDd /GS /fp:precise /Zc:wchar_t /Zc:forScope /Fo"Debug\\" /Fd"Debug\vc120.pdb" /Gd /TP /analyze- /errorReport:prompt test.cpp
         test.cpp
     1>c:\program files (x86)\microsoft visual studio 12.0\vc\include\iterator(14): error C2143: 语法错误 : 缺少“;”(在“namespace”的前面)
     1>d:\code\string_implementation\string_implementation\string.h(89): error C2065: “_size”: 未声明的标识符
     1>d:\code\string_implementation\string_implementation\string.h(90): error C2065: “_capacity”: 未声明的标识符
     1>d:\code\string_implementation\string_implementation\string.h(90): error C2065: “_size”: 未声明的标识符
     1>d:\code\string_implementation\string_implementation\string.h(91): error C2065: “_str”: 未声明的标识符
     1>d:\code\string_implementation\string_implementation\string.h(91): error C2065: “_capacity”: 未声明的标识符
     1>d:\code\string_implementation\string_implementation\string.h(92): error C2065: “_str”: 未声明的标识符
     1>d:\code\string_implementation\string_implementation\string.h(97): error C2065: “_str”: 未声明的标识符
     1>d:\code\string_implementation\string_implementation\string.h(97): error C2541: “delete”: 不能删除不是指针的对象
     1>d:\code\string_implementation\string_implementation\string.h(98): error C2065: “_str”: 未声明的标识符
     1>d:\code\string_implementation\string_implementation\string.h(99): error C2065: “_size”: 未声明的标识符
     1>d:\code\string_implementation\string_implementation\string.h(100): error C2065: “_capacity”: 未声明的标识符
     1>d:\code\string_implementation\string_implementation\string.h(106): error C2065: “_str”: 未声明的标识符
     1>d:\code\string_implementation\string_implementation\string.h(106): error C2039: “_str”: 不是“cl::string”的成员
                 d:\code\string_implementation\string_implementation\string.h(83) : 参见“cl::string”的声明
     1>d:\code\string_implementation\string_implementation\string.h(107): error C2065: “_size”: 未声明的标识符
     1>d:\code\string_implementation\string_implementation\string.h(107): error C2039: “_size”: 不是“cl::string”的成员
                 d:\code\string_implementation\string_implementation\string.h(83) : 参见“cl::string”的声明
     1>d:\code\string_implementation\string_implementation\string.h(108): error C2065: “_capacity”: 未声明的标识符
     1>d:\code\string_implementation\string_implementation\string.h(108): error C2039: “_capacity”: 不是“cl::string”的成员
                 d:\code\string_implementation\string_implementation\string.h(83) : 参见“cl::string”的声明
     1>d:\code\string_implementation\string_implementation\string.h(112): error C2039: “_str”: 不是“cl::string”的成员
                 d:\code\string_implementation\string_implementation\string.h(83) : 参见“cl::string”的声明
     1>d:\code\string_implementation\string_implementation\string.h(114): error C2614: “cl::string”: 非法的成员初始化:“_str”不是基或成员
     1>d:\code\string_implementation\string_implementation\string.h(115): error C2065: “_str”: 未声明的标识符
     1>d:\code\string_implementation\string_implementation\string.h(115): error C2039: “_str”: 不是“cl::string”的成员
                 d:\code\string_implementation\string_implementation\string.h(83) : 参见“cl::string”的声明
     1>d:\code\string_implementation\string_implementation\string.h(116): error C2065: “_size”: 未声明的标识符
     1>d:\code\string_implementation\string_implementation\string.h(116): error C2039: “_size”: 不是“cl::string”的成员
                 d:\code\string_implementation\string_implementation\string.h(83) : 参见“cl::string”的声明
     1>d:\code\string_implementation\string_implementation\string.h(117): error C2065: “_capacity”: 未声明的标识符
     1>d:\code\string_implementation\string_implementation\string.h(117): error C2039: “_capacity”: 不是“cl::string”的成员
                 d:\code\string_implementation\string_implementation\string.h(83) : 参见“cl::string”的声明
     1>d:\code\string_implementation\string_implementation\string.h(138): error C2601: “operator =”: 本地函数定义是非法的
                 d:\code\string_implementation\string_implementation\string.h(81):  此行有一个“{”没有匹配项
     1>d:\code\string_implementation\string_implementation\string.h(150): error C2601: “operator []”: 本地函数定义是非法的
                 d:\code\string_implementation\string_implementation\string.h(81):  此行有一个“{”没有匹配项
     1>d:\code\string_implementation\string_implementation\string.h(156): error C2270: “[]”: 非成员函数上不允许修饰符
     1>d:\code\string_implementation\string_implementation\string.h(156): error C2556: “const char &operator [](size_t)”: 重载函数与“char &operator [](size_t)”只是在返回类型上不同
                 d:\code\string_implementation\string_implementation\string.h(149) : 参见“operator []”的声明
     1>d:\code\string_implementation\string_implementation\string.h(156): error C2601: “operator []”: 本地函数定义是非法的
                 d:\code\string_implementation\string_implementation\string.h(81):  此行有一个“{”没有匹配项
     1>d:\code\string_implementation\string_implementation\string.h(162): error C2601: “begin”: 本地函数定义是非法的
                 d:\code\string_implementation\string_implementation\string.h(81):  此行有一个“{”没有匹配项
     1>d:\code\string_implementation\string_implementation\string.h(166): error C2601: “end”: 本地函数定义是非法的
                 d:\code\string_implementation\string_implementation\string.h(81):  此行有一个“{”没有匹配项
     1>d:\code\string_implementation\string_implementation\string.h(171): error C2270: “size”: 非成员函数上不允许修饰符
     1>d:\code\string_implementation\string_implementation\string.h(171): error C2601: “size”: 本地函数定义是非法的
                 d:\code\string_implementation\string_implementation\string.h(81):  此行有一个“{”没有匹配项
     1>d:\code\string_implementation\string_implementation\string.h(176): error C2270: “capacity”: 非成员函数上不允许修饰符
     1>d:\code\string_implementation\string_implementation\string.h(176): error C2601: “capacity”: 本地函数定义是非法的
                 d:\code\string_implementation\string_implementation\string.h(81):  此行有一个“{”没有匹配项
     1>d:\code\string_implementation\string_implementation\string.h(181): error C2601: “resize”: 本地函数定义是非法的
                 d:\code\string_implementation\string_implementation\string.h(81):  此行有一个“{”没有匹配项
     1>d:\code\string_implementation\string_implementation\string.h(191): error C2601: “reserve”: 本地函数定义是非法的
                 d:\code\string_implementation\string_implementation\string.h(81):  此行有一个“{”没有匹配项
     1>d:\code\string_implementation\string_implementation\string.h(202): error C2601: “push_back”: 本地函数定义是非法的
                 d:\code\string_implementation\string_implementation\string.h(81):  此行有一个“{”没有匹配项
     1>d:\code\string_implementation\string_implementation\string.h(212): error C2601: “append”: 本地函数定义是非法的
                 d:\code\string_implementation\string_implementation\string.h(81):  此行有一个“{”没有匹配项
     1>d:\code\string_implementation\string_implementation\string.h(222): error C2601: “operator +=”: 本地函数定义是非法的
                 d:\code\string_implementation\string_implementation\string.h(81):  此行有一个“{”没有匹配项
     1>d:\code\string_implementation\string_implementation\string.h(227): error C2601: “operator +=”: 本地函数定义是非法的
                 d:\code\string_implementation\string_implementation\string.h(81):  此行有一个“{”没有匹配项
     1>d:\code\string_implementation\string_implementation\string.h(233): error C2270: “>”: 非成员函数上不允许修饰符
     1>d:\code\string_implementation\string_implementation\string.h(233): error C2601: “operator >”: 本地函数定义是非法的
                 d:\code\string_implementation\string_implementation\string.h(81):  此行有一个“{”没有匹配项
     1>d:\code\string_implementation\string_implementation\string.h(250): error C2270: “>=”: 非成员函数上不允许修饰符
     1>d:\code\string_implementation\string_implementation\string.h(250): error C2601: “operator >=”: 本地函数定义是非法的
                 d:\code\string_implementation\string_implementation\string.h(81):  此行有一个“{”没有匹配项
     1>d:\code\string_implementation\string_implementation\string.h(254): error C2270: “<”: 非成员函数上不允许修饰符
     1>d:\code\string_implementation\string_implementation\string.h(254): error C2601: “operator <”: 本地函数定义是非法的
                 d:\code\string_implementation\string_implementation\string.h(81):  此行有一个“{”没有匹配项
     1>d:\code\string_implementation\string_implementation\string.h(258): error C2270: “<=”: 非成员函数上不允许修饰符
     1>d:\code\string_implementation\string_implementation\string.h(258): error C2601: “operator <=”: 本地函数定义是非法的
                 d:\code\string_implementation\string_implementation\string.h(81):  此行有一个“{”没有匹配项
     1>d:\code\string_implementation\string_implementation\string.h(262): error C2270: “==”: 非成员函数上不允许修饰符
     1>d:\code\string_implementation\string_implementation\string.h(262): error C2601: “operator ==”: 本地函数定义是非法的
                 d:\code\string_implementation\string_implementation\string.h(81):  此行有一个“{”没有匹配项
     1>d:\code\string_implementation\string_implementation\string.h(266): error C2270: “!=”: 非成员函数上不允许修饰符
     1>d:\code\string_implementation\string_implementation\string.h(266): error C2601: “operator !=”: 本地函数定义是非法的
                 d:\code\string_implementation\string_implementation\string.h(81):  此行有一个“{”没有匹配项
     1>d:\code\string_implementation\string_implementation\string.h(272): error C2270: “c_str”: 非成员函数上不允许修饰符
     1>d:\code\string_implementation\string_implementation\string.h(272): error C2601: “c_str”: 本地函数定义是非法的
                 d:\code\string_implementation\string_implementation\string.h(81):  此行有一个“{”没有匹配项
     1>d:\code\string_implementation\string_implementation\string.h(275): error C2143: 语法错误 : 缺少“;”(在“private”的前面)
     1>d:\code\string_implementation\string_implementation\string.h(284): error C2039: “c_str”: 不是“cl::string”的成员
                 d:\code\string_implementation\string_implementation\string.h(83) : 参见“cl::string”的声明
     1>d:\code\string_implementation\string_implementation\string.h(285): error C2039: “c_str”: 不是“cl::string”的成员
                 d:\code\string_implementation\string_implementation\string.h(83) : 参见“cl::string”的声明
     1>d:\code\string_implementation\string_implementation\string.h(288): error C2039: “c_str”: 不是“cl::string”的成员
                 d:\code\string_implementation\string_implementation\string.h(83) : 参见“cl::string”的声明
     1>d:\code\string_implementation\string_implementation\string.h(289): error C2039: “c_str”: 不是“cl::string”的成员
                 d:\code\string_implementation\string_implementation\string.h(83) : 参见“cl::string”的声明
     1>d:\code\string_implementation\string_implementation\string.h(294): error C2039: “size”: 不是“cl::string”的成员
                 d:\code\string_implementation\string_implementation\string.h(83) : 参见“cl::string”的声明
     1>d:\code\string_implementation\string_implementation\string.h(296): error C2676: 二进制“[”:“cl::string”不定义该运算符或到预定义运算符可接收的类型的转换
     1>d:\code\string_implementation\string_implementation\string.h(303): error C2039: “begin”: 不是“cl::string”的成员
                 d:\code\string_implementation\string_implementation\string.h(83) : 参见“cl::string”的声明
     1>d:\code\string_implementation\string_implementation\string.h(304): error C2039: “end”: 不是“cl::string”的成员
                 d:\code\string_implementation\string_implementation\string.h(83) : 参见“cl::string”的声明
     1>d:\code\string_implementation\string_implementation\string.h(304): fatal error C1903: 无法从以前的错误中恢复；正在停止编译
     1>已完成生成项目“D:\code\string_implementation\string_implementation\string_implementation.vcxproj”(Rebuild 个目标)的操作 - 失败。

生成失败。

已用时间 00:00:00.38
